[0.316s] Invoking command in '/workspace/Practice02/src/task01': AMENT_PREFIX_PATH=/workspace/Practice02/install/task01:${AMENT_PREFIX_PATH} PYTEST_ADDOPTS=--tb=short --junit-xml=/workspace/Practice02/build/task01/pytest.xml --junit-prefix=task01 -o cache_dir=/workspace/Practice02/build/task01/.pytest_cache PYTHONDONTWRITEBYTECODE=1 PYTHONPATH=/workspace/Practice02/install/task01/lib/python3.10/site-packages:${PYTHONPATH} /usr/bin/python3 -m pytest
[0.688s] [1m============================= test session starts ==============================[0m
[0.688s] platform linux -- Python 3.10.12, pytest-6.2.5, py-1.10.0, pluggy-0.13.0
[0.693s] cachedir: /workspace/Practice02/build/task01/.pytest_cache
[0.693s] rootdir: /workspace/Practice02/src/task01
[0.694s] plugins: ament-copyright-0.14.4, ament-pep257-0.14.4, launch-testing-ros-0.24.1, ament-lint-0.14.4, launch-testing-2.0.4, ament-xmllint-0.14.4, ament-flake8-0.14.4, colcon-core-0.17.0
[0.810s] [1mcollecting ... [0m[1m
[0.811s] collected 3 items                                                              [0m
[0.811s] 
[0.819s] test/test_copyright.py [33ms[0m[32m                                                 [ 33%][0m
[1.008s] test/test_flake8.py [31mF[0m[31m                                                    [ 66%][0m
[1.030s] test/test_pep257.py [32m.[0m[31m                                                    [100%][0m
[1.030s] 
[1.031s] =================================== FAILURES ===================================
[1.031s] [31m[1m_________________________________ test_flake8 __________________________________[0m
[1.031s] [1m[31mtest/test_flake8.py[0m:23: in test_flake8
[1.082s]     [94massert[39;49;00m rc == [94m0[39;49;00m, \
[1.082s] [1m[31mE   AssertionError: Found 1 code style errors / warnings:[0m
[1.082s] [1m[31mE     ./setup.py:1:1: F401 'setuptools.find_packages' imported but unused[0m
[1.082s] [1m[31mE   assert 1 == 0[0m
[1.083s] ----------------------------- Captured stdout call -----------------------------
[1.083s] 
[1.083s] ./setup.py:1:1: F401 'setuptools.find_packages' imported but unused
[1.083s] from setuptools import find_packages, setup
[1.083s] ^
[1.083s] 
[1.084s] 1     F401 'setuptools.find_packages' imported but unused
[1.084s] 
[1.084s] 6 files checked
[1.084s] 1 errors
[1.084s] 
[1.084s] 'F'-type errors: 1
[1.084s] 
[1.085s] Checked files:
[1.085s] 
[1.085s] * ./setup.py
[1.085s] * ./task01/__init__.py
[1.085s] * ./task01/receiver.py
[1.085s] * ./test/test_pep257.py
[1.085s] * ./test/test_flake8.py
[1.085s] * ./test/test_copyright.py
[1.085s] ----------------------------- Captured stderr call -----------------------------
[1.085s] option --max-complexity: please update from optparse string `type=` to argparse callable `type=` -- this will be an error in the future
[1.086s] [33m=============================== warnings summary ===============================[0m
[1.086s] test/test_flake8.py::test_flake8
[1.086s] test/test_flake8.py::test_flake8
[1.086s]   Warning: SelectableGroups dict interface is deprecated. Use select.
[1.086s] 
[1.086s] -- Docs: https://docs.pytest.org/en/stable/warnings.html
[1.086s] ------ generated xml file: /workspace/Practice02/build/task01/pytest.xml -------
[1.086s] =========================== short test summary info ============================
[1.086s] FAILED test/test_flake8.py::test_flake8 - AssertionError: Found 1 code style ...
[1.086s] [31m============== [31m[1m1 failed[0m, [32m1 passed[0m, [33m1 skipped[0m, [33m2 warnings[0m[31m in 0.39s[0m[31m ==============[0m
[1.184s] Invoked command in '/workspace/Practice02/src/task01' returned '1': AMENT_PREFIX_PATH=/workspace/Practice02/install/task01:${AMENT_PREFIX_PATH} PYTEST_ADDOPTS=--tb=short --junit-xml=/workspace/Practice02/build/task01/pytest.xml --junit-prefix=task01 -o cache_dir=/workspace/Practice02/build/task01/.pytest_cache PYTHONDONTWRITEBYTECODE=1 PYTHONPATH=/workspace/Practice02/install/task01/lib/python3.10/site-packages:${PYTHONPATH} /usr/bin/python3 -m pytest
