<?xml version="1.0" encoding="utf-8"?><testsuites><testsuite name="pytest" errors="0" failures="1" skipped="1" tests="3" time="0.333" timestamp="2024-10-19T19:35:51.403694" hostname="9f9100c55df2"><testcase classname="task01.test.test_copyright" name="test_copyright" time="0.001"><skipped type="pytest.skip" message="No copyright header has been placed in the generated source file.">/workspace/src/task01/test/test_copyright.py:20: No copyright header has been placed in the generated source file.</skipped></testcase><testcase classname="task01.test.test_flake8" name="test_flake8" time="0.132"><failure message="AssertionError: Found 1 code style errors / warnings:&#10;  ./setup.py:1:1: F401 'setuptools.find_packages' imported but unused&#10;assert 1 == 0">test/test_flake8.py:23: in test_flake8
    assert rc == 0, \
E   AssertionError: Found 1 code style errors / warnings:
E     ./setup.py:1:1: F401 'setuptools.find_packages' imported but unused
E   assert 1 == 0</failure></testcase><testcase classname="task01.test.test_pep257" name="test_pep257" time="0.019" /></testsuite></testsuites>