[0.309s] Invoking command in '/workspace/src/task01': PYTEST_ADDOPTS=--tb=short --junit-xml=/workspace/build/task01/pytest.xml --junit-prefix=task01 -o cache_dir=/workspace/build/task01/.pytest_cache PYTHONDONTWRITEBYTECODE=1 /usr/bin/python3 -m pytest
[0.658s] [1m============================= test session starts ==============================[0m
[0.659s] platform linux -- Python 3.10.12, pytest-6.2.5, py-1.10.0, pluggy-0.13.0
[0.663s] cachedir: /workspace/build/task01/.pytest_cache
[0.663s] rootdir: /workspace/src/task01
[0.663s] plugins: ament-copyright-0.14.4, ament-pep257-0.14.4, launch-testing-ros-0.24.1, ament-lint-0.14.4, launch-testing-2.0.4, ament-xmllint-0.14.4, ament-flake8-0.14.4, colcon-core-0.17.0
[0.772s] [1mcollecting ... [0m[1m
[0.772s] collected 3 items                                                              [0m
[0.772s] 
[0.781s] test/test_copyright.py [33ms[0m[32m                                                 [ 33%][0m
[0.967s] test/test_flake8.py [31mF[0m[31m                                                    [ 66%][0m
[0.988s] test/test_pep257.py [32m.[0m[31m                                                    [100%][0m
[0.988s] 
[0.988s] =================================== FAILURES ===================================
[0.988s] [31m[1m_________________________________ test_flake8 __________________________________[0m
[0.988s] [1m[31mtest/test_flake8.py[0m:23: in test_flake8
[1.040s]     [94massert[39;49;00m rc == [94m0[39;49;00m, \
[1.040s] [1m[31mE   AssertionError: Found 1 code style errors / warnings:[0m
[1.040s] [1m[31mE     ./setup.py:1:1: F401 'setuptools.find_packages' imported but unused[0m
[1.040s] [1m[31mE   assert 1 == 0[0m
[1.041s] [33m=============================== warnings summary ===============================[0m
[1.041s] test/test_flake8.py::test_flake8
[1.041s] test/test_flake8.py::test_flake8
[1.041s]   Warning: SelectableGroups dict interface is deprecated. Use select.
[1.041s] 
[1.041s] -- Docs: https://docs.pytest.org/en/stable/warnings.html
[1.041s] ----------------------------- Captured stdout call -----------------------------
[1.041s] 
[1.042s] ./setup.py:1:1: F401 'setuptools.find_packages' imported but unused
[1.042s] from setuptools import find_packages, setup
[1.042s] ^
[1.042s] 
[1.042s] 1     F401 'setuptools.find_packages' imported but unused
[1.042s] 
[1.042s] 6 files checked
[1.042s] 1 errors
[1.043s] 
[1.043s] 'F'-type errors: 1
[1.043s] 
[1.043s] Checked files:
[1.043s] 
[1.043s] * ./setup.py
[1.043s] * ./task01/__init__.py
[1.043s] * ./task01/receiver.py
[1.043s] * ./test/test_pep257.py
[1.044s] * ./test/test_flake8.py
[1.044s] * ./test/test_copyright.py
[1.044s] ----------------------------- Captured stderr call -----------------------------
[1.044s] option --max-complexity: please update from optparse string `type=` to argparse callable `type=` -- this will be an error in the future
[1.044s] ------------ generated xml file: /workspace/build/task01/pytest.xml ------------
[1.044s] =========================== short test summary info ============================
[1.044s] FAILED test/test_flake8.py::test_flake8 - AssertionError: Found 1 code style ...
[1.044s] [31m============== [31m[1m1 failed[0m, [32m1 passed[0m, [33m1 skipped[0m, [33m2 warnings[0m[31m in 0.38s[0m[31m ==============[0m
[1.175s] Invoked command in '/workspace/src/task01' returned '1': PYTEST_ADDOPTS=--tb=short --junit-xml=/workspace/build/task01/pytest.xml --junit-prefix=task01 -o cache_dir=/workspace/build/task01/.pytest_cache PYTHONDONTWRITEBYTECODE=1 /usr/bin/python3 -m pytest
